22:57:52 program   MZ390 START USING z390 V1.7.07 ON J2SE 17.0.1 12/01/22
22:57:52 program   AZ390 AZ390E error 198        (1/6)23            ST    R13,SAVE+4              SPARA ANROPANDES SAVE ADRESS
22:57:52 program   AZ390 AZ390I symbol not defined SAVE
22:57:52 program   AZ390 AZ390E error 198        (1/8)25            LA    R13,SAVE                R13 ÄR DENNA MODULS SAVE-AREA
22:57:52 program   AZ390 AZ390I symbol not defined SAVE
22:57:52 program   AZ390 AZ390I FID=  1 ERR=   2 X:\Documents\projects\ibmasm\20221201\program.asm
22:57:53 program   MZ390 ENDED   RC=12 SEC= 0 MEM(MB)= 60 IO=1700
22:59:36 program   MZ390 START USING z390 V1.7.07 ON J2SE 17.0.1 12/01/22
22:59:36 program   AZ390 AZ390E error 198        (1/6)23            ST    R13,SAVE+4              SPARA ANROPANDES SAVE ADRESS
22:59:36 program   AZ390 AZ390I symbol not defined SAVE
22:59:36 program   AZ390 AZ390E error 198        (1/8)25            LA    R13,SAVE                R13 ÄR DENNA MODULS SAVE-AREA
22:59:36 program   AZ390 AZ390I symbol not defined SAVE
22:59:36 program   AZ390 AZ390E error 198      (1/17)123            L     R13,SAVE+4              ANROPANDES SAVE AREA
22:59:36 program   AZ390 AZ390I symbol not defined SAVE
22:59:37 program   AZ390 AZ390I FID=  1 ERR=   3 X:\Documents\projects\ibmasm\20221201\program.asm
22:59:37 program   MZ390 ENDED   RC=12 SEC= 0 MEM(MB)= 59 IO=1724
23:00:19 program   MZ390 START USING z390 V1.7.07 ON J2SE 17.0.1 12/01/22
23:00:19 program   MZ390 ENDED   RC= 0 SEC= 0 MEM(MB)= 59 IO=1719
23:00:20 program   LZ390 START USING z390 V1.7.07 ON J2SE 17.0.1 12/01/22
23:00:20 program   LZ390 ENDED   RC= 0 SEC= 0 MEM(MB)= 10 IO=84
23:00:20 program   EZ390 START USING z390 V1.7.07 ON J2SE 17.0.1 12/01/22
23:00:20 program   EZ390 EZ390E error  43 I/O error for DCB=000FFF00 DDNAME=SYSOUT FILE=sysout.txt
23:00:20 program   EZ390 EZ390E error  23 i/o error on open - java.io.FileNotFoundException: sysout.txt (The system cannot find the file specified)
23:00:20 program   EZ390 EZ390E error  11 ABEND PSW=07850600 000FFEDC 0A13         SVC   ABEND S013
23:00:20 program   EZ390 EZ390E error  12 program aborting due to abend S013
23:00:20 program   EZ390 ENDED   RC=16 SEC= 0 MEM(MB)= 86 IO=107 INS=9
23:00:37 program   MZ390 START USING z390 V1.7.07 ON J2SE 17.0.1 12/01/22
23:00:38 program   MZ390 ENDED   RC= 0 SEC= 0 MEM(MB)= 59 IO=1719
23:00:38 program   LZ390 START USING z390 V1.7.07 ON J2SE 17.0.1 12/01/22
23:00:38 program   LZ390 ENDED   RC= 0 SEC= 0 MEM(MB)= 10 IO=84
23:00:38 program   EZ390 START USING z390 V1.7.07 ON J2SE 17.0.1 12/01/22
23:00:38 program   EZ390 EZ390E error  43 I/O error for DCB=000FFF00 DDNAME=SYSOUT FILE=sysout.txt
23:00:38 program   EZ390 EZ390E error  33 file not open for output
23:00:38 program   EZ390 EZ390E error  11 ABEND PSW=07850600 000FFEE6 0A98         SVC   ABEND S013
23:00:39 program   EZ390 EZ390E error  12 program aborting due to abend S013
23:00:39 program   EZ390 ENDED   RC=16 SEC= 0 MEM(MB)= 88 IO=108 INS=12
23:00:55 program   MZ390 START USING z390 V1.7.07 ON J2SE 17.0.1 12/01/22
23:00:56 program   MZ390 ENDED   RC= 0 SEC= 0 MEM(MB)= 59 IO=1719
23:00:56 program   LZ390 START USING z390 V1.7.07 ON J2SE 17.0.1 12/01/22
23:00:56 program   LZ390 ENDED   RC= 0 SEC= 0 MEM(MB)= 10 IO=84
23:00:56 program   EZ390 START USING z390 V1.7.07 ON J2SE 17.0.1 12/01/22
23:00:56 program   EZ390 ENDED   RC= 0 SEC= 0 MEM(MB)= 15 IO=21 INS=19
23:03:54 program   MZ390 START USING z390 V1.7.07 ON J2SE 17.0.1 12/01/22
23:03:54 program   MZ390 ENDED   RC= 0 SEC= 0 MEM(MB)= 59 IO=1718
23:03:54 program   LZ390 START USING z390 V1.7.07 ON J2SE 17.0.1 12/01/22
23:03:54 program   LZ390 ENDED   RC= 0 SEC= 0 MEM(MB)= 10 IO=84
23:03:55 program   EZ390 START USING z390 V1.7.07 ON J2SE 17.0.1 12/01/22
23:03:55 program   EZ390 ENDED   RC= 0 SEC= 0 MEM(MB)= 15 IO=21 INS=19
23:30:34 program   MZ390 START USING z390 V1.7.07 ON J2SE 17.0.1 12/01/22
23:30:34 program   MZ390 ENDED   RC= 0 SEC= 0 MEM(MB)= 59 IO=1719
23:30:34 program   LZ390 START USING z390 V1.7.07 ON J2SE 17.0.1 12/01/22
23:30:34 program   LZ390 ENDED   RC= 0 SEC= 0 MEM(MB)= 10 IO=84
23:30:35 program   EZ390 START USING z390 V1.7.07 ON J2SE 17.0.1 12/01/22
23:30:35 program   EZ390 ENDED   RC= 0 SEC= 0 MEM(MB)= 15 IO=21 INS=19
23:39:19 program   MZ390 START USING z390 V1.7.07 ON J2SE 17.0.1 12/01/22
23:39:20 program   AZ390 AZ390E error 198      (5/108)37                          LA     1,SYSIN
23:39:20 program   AZ390 AZ390I symbol not defined SYSIN
23:39:20 program   AZ390 AZ390I FID=  5 ERR=   1 X:\Downloads\z390_v1707\z390_v1707\mac\ZOPEN.MAC
23:39:20 program   MZ390 ENDED   RC=12 SEC= 0 MEM(MB)= 59 IO=1734
23:40:32 program   MZ390 START USING z390 V1.7.07 ON J2SE 17.0.1 12/01/22
23:40:33 program   MZ390 ENDED   RC= 0 SEC= 0 MEM(MB)= 59 IO=1787
23:40:33 program   LZ390 START USING z390 V1.7.07 ON J2SE 17.0.1 12/01/22
23:40:33 program   LZ390 ENDED   RC= 0 SEC= 0 MEM(MB)= 10 IO=123
23:40:33 program   EZ390 START USING z390 V1.7.07 ON J2SE 17.0.1 12/01/22
23:40:33 program   EZ390 ENDED   RC= 0 SEC= 0 MEM(MB)= 15 IO=23 INS=26
23:41:36 program   MZ390 START USING z390 V1.7.07 ON J2SE 17.0.1 12/01/22
23:41:37 program   MZ390 ENDED   RC= 0 SEC= 0 MEM(MB)= 59 IO=1793
23:41:37 program   LZ390 START USING z390 V1.7.07 ON J2SE 17.0.1 12/01/22
23:41:37 program   LZ390 ENDED   RC= 0 SEC= 0 MEM(MB)= 10 IO=123
23:41:37 program   EZ390 START USING z390 V1.7.07 ON J2SE 17.0.1 12/01/22
23:41:37 program   EZ390 ENDED   RC= 0 SEC= 0 MEM(MB)= 15 IO=23 INS=30
23:41:43 program   MZ390 START USING z390 V1.7.07 ON J2SE 17.0.1 12/01/22
23:41:43 program   MZ390 MZ390E error 261    (10/104)104 MNOTE/PUNCH text must be in single quotes12,'CLOSE OPTION NOT SUPPORTED - &OPTION          MEXIT
23:41:43 program   AZ390 MNOTE 12,'CLOSE OPTION NOT SUPPORTED - &OPTION          MEXIT see MZ390 error
23:41:43 program   AZ390 MNOTE 12,'CLOSE OPTION NOT SUPPORTED - &OPTION          MEXIT
23:41:44 program   AZ390 AZ390I FID= 10 ERR=   2 X:\Downloads\z390_v1707\z390_v1707\mac\ZCLOSE.MAC
23:41:44 program   MZ390 ENDED   RC=12 SEC= 0 MEM(MB)= 59 IO=1794
23:41:57 program   MZ390 START USING z390 V1.7.07 ON J2SE 17.0.1 12/01/22
23:41:58 program   MZ390 ENDED   RC= 0 SEC= 0 MEM(MB)= 59 IO=1793
23:41:58 program   LZ390 START USING z390 V1.7.07 ON J2SE 17.0.1 12/01/22
23:41:58 program   LZ390 ENDED   RC= 0 SEC= 0 MEM(MB)= 10 IO=123
23:41:59 program   EZ390 START USING z390 V1.7.07 ON J2SE 17.0.1 12/01/22
23:41:59 program   EZ390 ENDED   RC= 0 SEC= 0 MEM(MB)= 15 IO=23 INS=30
23:42:52 program   MZ390 START USING z390 V1.7.07 ON J2SE 17.0.1 12/01/22
23:42:52 program   AZ390 MNOTE 12,'PUT RECORD REG INVALID - R1'
23:42:52 program   AZ390 AZ390I FID=  8 ERR=   1 X:\Downloads\z390_v1707\z390_v1707\mac\PUT.MAC
23:42:52 program   MZ390 ENDED   RC=12 SEC= 0 MEM(MB)= 59 IO=1954
23:43:23 program   MZ390 START USING z390 V1.7.07 ON J2SE 17.0.1 12/01/22
23:43:23 program   MZ390 ENDED   RC= 0 SEC= 0 MEM(MB)= 60 IO=1953
23:43:24 program   LZ390 START USING z390 V1.7.07 ON J2SE 17.0.1 12/01/22
23:43:24 program   LZ390 ENDED   RC= 0 SEC= 0 MEM(MB)= 10 IO=123
23:43:24 program   EZ390 START USING z390 V1.7.07 ON J2SE 17.0.1 12/01/22
23:43:24 program   EZ390 ENDED   RC= 0 SEC= 0 MEM(MB)= 15 IO=24 INS=33
23:45:33 program   MZ390 START USING z390 V1.7.07 ON J2SE 17.0.1 12/01/22
23:45:34 program   MZ390 ENDED   RC= 0 SEC= 0 MEM(MB)= 59 IO=1961
23:45:34 program   LZ390 START USING z390 V1.7.07 ON J2SE 17.0.1 12/01/22
23:45:34 program   LZ390 ENDED   RC= 0 SEC= 0 MEM(MB)= 10 IO=125
23:45:34 program   EZ390 START USING z390 V1.7.07 ON J2SE 17.0.1 12/01/22
23:45:34 program   EZ390 ENDED   RC= 0 SEC= 0 MEM(MB)= 15 IO=24 INS=34
23:46:07 program   MZ390 START USING z390 V1.7.07 ON J2SE 17.0.1 12/01/22
23:46:07 program   MZ390 ENDED   RC= 0 SEC= 0 MEM(MB)= 59 IO=1967
23:46:08 program   LZ390 START USING z390 V1.7.07 ON J2SE 17.0.1 12/01/22
23:46:08 program   LZ390 ENDED   RC= 0 SEC= 0 MEM(MB)= 10 IO=127
23:46:08 program   EZ390 START USING z390 V1.7.07 ON J2SE 17.0.1 12/01/22
23:46:08 program   EZ390 ENDED   RC= 0 SEC= 0 MEM(MB)= 35 IO=4540 INS=18102
23:47:35 program   MZ390 TZ390E abort error 21 - invalid options -  TRACECALL
23:47:36 program   MZ390 ENDED   RC=16 SEC=1669934856 MEM(MB)= 12 IO=2
23:47:41 program   MZ390 START USING z390 V1.7.07 ON J2SE 17.0.1 12/01/22
23:47:41 program   MZ390 PASS 2  TOTAL ERRORS 0
23:47:42 program   MZ390 ENDED   RC= 0 SEC= 0 MEM(MB)= 60 IO=1968
23:47:42 program   LZ390 START USING z390 V1.7.07 ON J2SE 17.0.1 12/01/22
23:47:42 program   LZ390 ENDED   RC= 0 SEC= 0 MEM(MB)= 10 IO=127
23:47:42 program   EZ390 START USING z390 V1.7.07 ON J2SE 17.0.1 12/01/22
23:47:43 program   EZ390 ENDED   RC= 0 SEC= 0 MEM(MB)= 84 IO=4540 INS=18102
23:52:25 program   EZ390 START USING z390 V1.7.07 ON J2SE 17.0.1 12/01/22
23:52:25 program   EZ390 ENDED   RC= 0 SEC= 0 MEM(MB)= 35 IO=4540 INS=18102
23:52:36 program   EZ390 START USING z390 V1.7.07 ON J2SE 17.0.1 12/01/22
23:52:36 program   EZ390 ENDED   RC= 0 SEC= 0 MEM(MB)= 35 IO=4540 INS=18102
23:52:42 program   EZ390 START USING z390 V1.7.07 ON J2SE 17.0.1 12/01/22
23:52:53 program   EZ390 START USING z390 V1.7.07 ON J2SE 17.0.1 12/01/22
00:06:05 program   MZ390 START USING z390 V1.7.07 ON J2SE 17.0.1 12/02/22
00:06:05 program   MZ390 PASS 2  TOTAL ERRORS 2
00:06:05 program   MZ390 PASS 3  TOTAL ERRORS 1
00:06:05 program   AZ390 AZ390E error 198      (8/61)127            LA    1,WTOBLOCK
00:06:05 program   AZ390 AZ390I symbol not defined WTOBLOCK
00:06:05 program   AZ390 AZ390I FID=  8 ERR=   1 X:\Downloads\z390_v1707\z390_v1707\mac\WTO.MAC
00:06:05 program   MZ390 ENDED   RC=12 SEC= 0 MEM(MB)= 61 IO=1992
00:06:16 program   MZ390 START USING z390 V1.7.07 ON J2SE 17.0.1 12/02/22
00:06:16 program   AZ390 AZ390E error 198      (8/61)127            LA    1,WTOBLOCK
00:06:16 program   AZ390 AZ390I symbol not defined WTOBLOCK
00:06:17 program   AZ390 AZ390I FID=  8 ERR=   1 X:\Downloads\z390_v1707\z390_v1707\mac\WTO.MAC
00:06:17 program   MZ390 ENDED   RC=12 SEC= 0 MEM(MB)= 59 IO=1990
00:06:30 program   MZ390 START USING z390 V1.7.07 ON J2SE 17.0.1 12/02/22
00:06:30 program   MZ390 ENDED   RC= 0 SEC= 0 MEM(MB)= 59 IO=1984
00:06:30 program   LZ390 START USING z390 V1.7.07 ON J2SE 17.0.1 12/02/22
00:06:30 program   LZ390 ENDED   RC= 0 SEC= 0 MEM(MB)= 10 IO=127
00:06:31 program   EZ390 START USING z390 V1.7.07 ON J2SE 17.0.1 12/02/22
00:06:31 program   EZ390 ENDED   RC= 0 SEC= 0 MEM(MB)= 19 IO=4540 INS=15843
00:07:36 program   MZ390 START USING z390 V1.7.07 ON J2SE 17.0.1 12/02/22
00:07:37 program   MZ390 ENDED   RC= 0 SEC= 0 MEM(MB)= 60 IO=1994
00:07:37 program   LZ390 START USING z390 V1.7.07 ON J2SE 17.0.1 12/02/22
00:07:37 program   LZ390 ENDED   RC= 0 SEC= 0 MEM(MB)= 10 IO=135
00:07:37 program   EZ390 START USING z390 V1.7.07 ON J2SE 17.0.1 12/02/22
00:07:38 program   EZ390 ENDED   RC= 0 SEC= 0 MEM(MB)= 36 IO=4540 INS=15843
00:10:06 program   MZ390 START USING z390 V1.7.07 ON J2SE 17.0.1 12/02/22
00:10:07 program   MZ390 ENDED   RC= 0 SEC= 0 MEM(MB)= 59 IO=2161
00:10:07 program   LZ390 START USING z390 V1.7.07 ON J2SE 17.0.1 12/02/22
00:10:07 program   LZ390 ENDED   RC= 0 SEC= 0 MEM(MB)= 10 IO=137
00:10:07 program   EZ390 START USING z390 V1.7.07 ON J2SE 17.0.1 12/02/22
00:10:08 program   EZ390 ENDED   RC= 0 SEC= 0 MEM(MB)= 36 IO=6799 INS=31656
00:10:14 program   MZ390 START USING z390 V1.7.07 ON J2SE 17.0.1 12/02/22
00:10:14 program   MZ390 ENDED   RC= 0 SEC= 0 MEM(MB)= 59 IO=2161
00:10:14 program   LZ390 START USING z390 V1.7.07 ON J2SE 17.0.1 12/02/22
00:10:14 program   LZ390 ENDED   RC= 0 SEC= 0 MEM(MB)= 10 IO=137
00:10:15 program   EZ390 START USING z390 V1.7.07 ON J2SE 17.0.1 12/02/22
00:10:15 program   EZ390 ENDED   RC= 0 SEC= 0 MEM(MB)= 36 IO=6799 INS=31656
00:11:25 program   MZ390 START USING z390 V1.7.07 ON J2SE 17.0.1 12/02/22
00:11:25 program   MZ390 ENDED   RC= 0 SEC= 0 MEM(MB)= 60 IO=2173
00:11:26 program   LZ390 START USING z390 V1.7.07 ON J2SE 17.0.1 12/02/22
00:11:26 program   LZ390 ENDED   RC= 0 SEC= 0 MEM(MB)= 10 IO=137
00:11:26 program   EZ390 START USING z390 V1.7.07 ON J2SE 17.0.1 12/02/22
00:11:54 program   MZ390 START USING z390 V1.7.07 ON J2SE 17.0.1 12/02/22
00:11:55 program   MZ390 ENDED   RC= 0 SEC= 0 MEM(MB)= 59 IO=2175
00:11:55 program   LZ390 START USING z390 V1.7.07 ON J2SE 17.0.1 12/02/22
00:11:55 program   LZ390 ENDED   RC= 0 SEC= 0 MEM(MB)= 10 IO=137
00:11:55 program   EZ390 START USING z390 V1.7.07 ON J2SE 17.0.1 12/02/22
00:11:56 program   EZ390 ENDED   RC= 0 SEC= 0 MEM(MB)= 36 IO=6799 INS=31656
00:12:07 program   MZ390 START USING z390 V1.7.07 ON J2SE 17.0.1 12/02/22
00:12:08 program   MZ390 ENDED   RC= 0 SEC= 0 MEM(MB)= 60 IO=2180
00:12:08 program   LZ390 START USING z390 V1.7.07 ON J2SE 17.0.1 12/02/22
00:12:08 program   LZ390 ENDED   RC= 0 SEC= 0 MEM(MB)= 10 IO=137
00:12:09 program   EZ390 START USING z390 V1.7.07 ON J2SE 17.0.1 12/02/22
00:12:09 program   EZ390 ENDED   RC= 0 SEC= 0 MEM(MB)= 37 IO=6799 INS=31656
00:13:59 program   MZ390 START USING z390 V1.7.07 ON J2SE 17.0.1 12/02/22
00:14:00 program   MZ390 ENDED   RC= 0 SEC= 0 MEM(MB)= 59 IO=2201
00:14:00 program   LZ390 START USING z390 V1.7.07 ON J2SE 17.0.1 12/02/22
00:14:00 program   LZ390 ENDED   RC= 0 SEC= 0 MEM(MB)= 10 IO=139
00:14:00 program   EZ390 START USING z390 V1.7.07 ON J2SE 17.0.1 12/02/22
00:14:01 program   EZ390 ENDED   RC= 0 SEC= 0 MEM(MB)= 36 IO=6799 INS=31658
00:14:53 program   MZ390 START USING z390 V1.7.07 ON J2SE 17.0.1 12/02/22
00:14:53 program   MZ390 ENDED   RC= 0 SEC= 0 MEM(MB)= 59 IO=2201
00:14:53 program   LZ390 START USING z390 V1.7.07 ON J2SE 17.0.1 12/02/22
00:14:53 program   LZ390 ENDED   RC= 0 SEC= 0 MEM(MB)= 10 IO=139
00:15:12 program   EZ390 START USING z390 V1.7.07 ON J2SE 17.0.1 12/02/22
00:15:55 program   EZ390 EZ390E error  11 ABEND PSW=07850600 80000000 0000         ????? ABEND S0C1
00:16:28 program   EZ390 EZ390E error  11 ABEND PSW=07850600 80000000 0000         ????? ABEND S0C1
00:16:28 program   EZ390 EZ390E error  12 program aborting due to abend S0C1
00:16:28 program   EZ390 ENDED   RC=16 SEC=76 MEM(MB)= 19 IO=35 INS=2
00:16:34 program   EZ390 START USING z390 V1.7.07 ON J2SE 17.0.1 12/02/22
00:17:04 program   EZ390 ENDED   RC= 0 SEC=29 MEM(MB)= 43 IO=6804 INS=31658
00:17:45 program   EZ390 START USING z390 V1.7.07 ON J2SE 17.0.1 12/02/22
00:19:51 program   EZ390 ENDED   RC= 0 SEC=125 MEM(MB)= 43 IO=6807 INS=31658
00:19:53 program   EZ390 START USING z390 V1.7.07 ON J2SE 17.0.1 12/02/22
00:20:42 program   MZ390 START USING z390 V1.7.07 ON J2SE 17.0.1 12/02/22
00:20:42 program   MZ390 ENDED   RC= 0 SEC= 0 MEM(MB)= 59 IO=2201
00:20:42 program   LZ390 START USING z390 V1.7.07 ON J2SE 17.0.1 12/02/22
00:20:43 program   LZ390 ENDED   RC= 0 SEC= 0 MEM(MB)= 10 IO=139
00:20:47 program   EZ390 START USING z390 V1.7.07 ON J2SE 17.0.1 12/02/22
00:22:12 program   EZ390 START USING z390 V1.7.07 ON J2SE 17.0.1 12/02/22
00:34:11 program   EZ390 EZ390E error 109 quitting test mode
00:34:11 program   EZ390 ENDED   RC=16 SEC=719 MEM(MB)= 21 IO=54 INS=62
19:05:46 program   MZ390 START USING z390 V1.7.07 ON J2SE 17.0.1 12/10/22
19:05:47 program   AZ390 AZ390E error 205     (1/142)337   R1SAVE   DS 
19:05:47 program   AZ390 AZ390I DS/DC missing operand
19:05:47 program   AZ390 AZ390I FID=  1 ERR=   1 X:\Documents\projects\ibmasm-adventofcode\20221204\program.asm
19:05:47 program   MZ390 ENDED   RC=12 SEC= 0 MEM(MB)= 59 IO=2632
19:05:59 program   MZ390 START USING z390 V1.7.07 ON J2SE 17.0.1 12/10/22
19:05:59 program   MZ390 ENDED   RC= 0 SEC= 0 MEM(MB)= 59 IO=2626
19:06:00 program   LZ390 START USING z390 V1.7.07 ON J2SE 17.0.1 12/10/22
19:06:00 program   LZ390 ENDED   RC= 0 SEC= 0 MEM(MB)= 10 IO=163
19:06:00 program   EZ390 START USING z390 V1.7.07 ON J2SE 17.0.1 12/10/22
19:06:00 program   EZ390 ENDED   RC= 0 SEC= 0 MEM(MB)= 15 IO=25 INS=114
21:43:07 program   MZ390 START USING z390 V1.7.07 ON J2SE 17.0.1 12/10/22
21:43:08 program   MZ390 ENDED   RC= 0 SEC= 0 MEM(MB)= 59 IO=2627
21:43:08 program   LZ390 START USING z390 V1.7.07 ON J2SE 17.0.1 12/10/22
21:43:08 program   LZ390 ENDED   RC= 0 SEC= 0 MEM(MB)= 10 IO=165
21:43:08 program   EZ390 START USING z390 V1.7.07 ON J2SE 17.0.1 12/10/22
21:43:08 program   EZ390 ENDED   RC= 0 SEC= 0 MEM(MB)= 15 IO=27 INS=126
21:44:40 program   MZ390 START USING z390 V1.7.07 ON J2SE 17.0.1 12/10/22
21:44:41 program   MZ390 ENDED   RC= 0 SEC= 0 MEM(MB)= 60 IO=2627
21:44:41 program   LZ390 START USING z390 V1.7.07 ON J2SE 17.0.1 12/10/22
21:44:41 program   LZ390 ENDED   RC= 0 SEC= 0 MEM(MB)= 10 IO=165
21:44:41 program   EZ390 START USING z390 V1.7.07 ON J2SE 17.0.1 12/10/22
21:44:42 program   EZ390 ENDED   RC= 0 SEC= 0 MEM(MB)= 36 IO=5022 INS=94036
21:46:08 program   MZ390 START USING z390 V1.7.07 ON J2SE 17.0.1 12/10/22
21:46:09 program   MZ390 ENDED   RC= 0 SEC= 0 MEM(MB)= 59 IO=2627
21:46:09 program   LZ390 START USING z390 V1.7.07 ON J2SE 17.0.1 12/10/22
21:46:09 program   LZ390 ENDED   RC= 0 SEC= 0 MEM(MB)= 10 IO=165
21:46:09 program   EZ390 START USING z390 V1.7.07 ON J2SE 17.0.1 12/10/22
21:46:10 program   EZ390 ENDED   RC= 0 SEC= 0 MEM(MB)= 37 IO=5022 INS=94036
21:47:46 program   MZ390 START USING z390 V1.7.07 ON J2SE 17.0.1 12/10/22
21:47:46 program   MZ390 ENDED   RC= 0 SEC= 0 MEM(MB)= 59 IO=2626
21:47:47 program   LZ390 START USING z390 V1.7.07 ON J2SE 17.0.1 12/10/22
21:47:47 program   LZ390 ENDED   RC= 0 SEC= 0 MEM(MB)= 10 IO=163
21:47:47 program   EZ390 START USING z390 V1.7.07 ON J2SE 17.0.1 12/10/22
21:47:48 program   EZ390 ENDED   RC= 0 SEC= 0 MEM(MB)= 28 IO=3022 INS=82036
21:47:58 program   MZ390 START USING z390 V1.7.07 ON J2SE 17.0.1 12/10/22
21:47:58 program   MZ390 ENDED   RC= 0 SEC= 0 MEM(MB)= 60 IO=2626
21:47:59 program   LZ390 START USING z390 V1.7.07 ON J2SE 17.0.1 12/10/22
21:47:59 program   LZ390 ENDED   RC= 0 SEC= 0 MEM(MB)= 10 IO=163
21:47:59 program   EZ390 START USING z390 V1.7.07 ON J2SE 17.0.1 12/10/22
21:48:00 program   EZ390 ENDED   RC= 0 SEC= 0 MEM(MB)= 28 IO=3022 INS=82036
21:50:21 program   MZ390 START USING z390 V1.7.07 ON J2SE 17.0.1 12/10/22
21:50:22 program   MZ390 ENDED   RC= 0 SEC= 0 MEM(MB)= 59 IO=2629
21:50:22 program   LZ390 START USING z390 V1.7.07 ON J2SE 17.0.1 12/10/22
21:50:22 program   LZ390 ENDED   RC= 0 SEC= 0 MEM(MB)= 10 IO=163
21:50:22 program   EZ390 START USING z390 V1.7.07 ON J2SE 17.0.1 12/10/22
21:50:23 program   EZ390 ENDED   RC= 0 SEC= 0 MEM(MB)= 36 IO=3022 INS=82036
21:52:12 program   MZ390 START USING z390 V1.7.07 ON J2SE 17.0.1 12/10/22
21:52:12 program   MZ390 ENDED   RC= 0 SEC= 0 MEM(MB)= 59 IO=2629
21:52:12 program   LZ390 START USING z390 V1.7.07 ON J2SE 17.0.1 12/10/22
21:52:12 program   LZ390 ENDED   RC= 0 SEC= 0 MEM(MB)= 10 IO=163
21:52:13 program   EZ390 START USING z390 V1.7.07 ON J2SE 17.0.1 12/10/22
21:52:13 program   EZ390 ENDED   RC= 0 SEC= 0 MEM(MB)= 28 IO=3022 INS=82036
21:52:17 program   MZ390 START USING z390 V1.7.07 ON J2SE 17.0.1 12/10/22
21:52:17 program   MZ390 ENDED   RC= 0 SEC= 0 MEM(MB)= 60 IO=2629
21:52:17 program   LZ390 START USING z390 V1.7.07 ON J2SE 17.0.1 12/10/22
21:52:17 program   LZ390 ENDED   RC= 0 SEC= 0 MEM(MB)= 10 IO=163
21:52:18 program   EZ390 START USING z390 V1.7.07 ON J2SE 17.0.1 12/10/22
21:53:51 program   MZ390 START USING z390 V1.7.07 ON J2SE 17.0.1 12/10/22
21:53:51 program   MZ390 ENDED   RC= 0 SEC= 0 MEM(MB)= 59 IO=2629
21:53:52 program   LZ390 START USING z390 V1.7.07 ON J2SE 17.0.1 12/10/22
21:53:52 program   LZ390 ENDED   RC= 0 SEC= 0 MEM(MB)= 10 IO=163
21:53:52 program   EZ390 START USING z390 V1.7.07 ON J2SE 17.0.1 12/10/22
21:53:53 program   EZ390 ENDED   RC= 0 SEC= 0 MEM(MB)= 37 IO=3022 INS=82036
21:59:36 program   MZ390 START USING z390 V1.7.07 ON J2SE 17.0.1 12/10/22
21:59:37 program   MZ390 ENDED   RC= 0 SEC= 0 MEM(MB)= 59 IO=2716
21:59:37 program   LZ390 START USING z390 V1.7.07 ON J2SE 17.0.1 12/10/22
21:59:37 program   LZ390 ENDED   RC= 0 SEC= 0 MEM(MB)= 10 IO=169
21:59:37 program   EZ390 START USING z390 V1.7.07 ON J2SE 17.0.1 12/10/22
21:59:38 program   EZ390 ENDED   RC= 0 SEC= 0 MEM(MB)= 37 IO=3022 INS=90444
22:08:58 program   MZ390 START USING z390 V1.7.07 ON J2SE 17.0.1 12/10/22
22:08:59 program   MZ390 ENDED   RC= 0 SEC= 0 MEM(MB)= 59 IO=2688
22:08:59 program   LZ390 START USING z390 V1.7.07 ON J2SE 17.0.1 12/10/22
22:08:59 program   LZ390 ENDED   RC= 0 SEC= 0 MEM(MB)= 10 IO=167
22:08:59 program   EZ390 START USING z390 V1.7.07 ON J2SE 17.0.1 12/10/22
22:09:00 program   EZ390 ENDED   RC= 0 SEC= 0 MEM(MB)= 37 IO=3022 INS=89777
