22:57:52 program   MZ390 START USING z390 V1.7.07 ON J2SE 17.0.1 12/01/22
22:57:52 program   AZ390 AZ390E error 198        (1/6)23            ST    R13,SAVE+4              SPARA ANROPANDES SAVE ADRESS
22:57:52 program   AZ390 AZ390I symbol not defined SAVE
22:57:52 program   AZ390 AZ390E error 198        (1/8)25            LA    R13,SAVE                R13 ÄR DENNA MODULS SAVE-AREA
22:57:52 program   AZ390 AZ390I symbol not defined SAVE
22:57:52 program   AZ390 AZ390I FID=  1 ERR=   2 X:\Documents\projects\ibmasm\20221201\program.asm
22:57:53 program   MZ390 ENDED   RC=12 SEC= 0 MEM(MB)= 60 IO=1700
22:59:36 program   MZ390 START USING z390 V1.7.07 ON J2SE 17.0.1 12/01/22
22:59:36 program   AZ390 AZ390E error 198        (1/6)23            ST    R13,SAVE+4              SPARA ANROPANDES SAVE ADRESS
22:59:36 program   AZ390 AZ390I symbol not defined SAVE
22:59:36 program   AZ390 AZ390E error 198        (1/8)25            LA    R13,SAVE                R13 ÄR DENNA MODULS SAVE-AREA
22:59:36 program   AZ390 AZ390I symbol not defined SAVE
22:59:36 program   AZ390 AZ390E error 198      (1/17)123            L     R13,SAVE+4              ANROPANDES SAVE AREA
22:59:36 program   AZ390 AZ390I symbol not defined SAVE
22:59:37 program   AZ390 AZ390I FID=  1 ERR=   3 X:\Documents\projects\ibmasm\20221201\program.asm
22:59:37 program   MZ390 ENDED   RC=12 SEC= 0 MEM(MB)= 59 IO=1724
23:00:19 program   MZ390 START USING z390 V1.7.07 ON J2SE 17.0.1 12/01/22
23:00:19 program   MZ390 ENDED   RC= 0 SEC= 0 MEM(MB)= 59 IO=1719
23:00:20 program   LZ390 START USING z390 V1.7.07 ON J2SE 17.0.1 12/01/22
23:00:20 program   LZ390 ENDED   RC= 0 SEC= 0 MEM(MB)= 10 IO=84
23:00:20 program   EZ390 START USING z390 V1.7.07 ON J2SE 17.0.1 12/01/22
23:00:20 program   EZ390 EZ390E error  43 I/O error for DCB=000FFF00 DDNAME=SYSOUT FILE=sysout.txt
23:00:20 program   EZ390 EZ390E error  23 i/o error on open - java.io.FileNotFoundException: sysout.txt (The system cannot find the file specified)
23:00:20 program   EZ390 EZ390E error  11 ABEND PSW=07850600 000FFEDC 0A13         SVC   ABEND S013
23:00:20 program   EZ390 EZ390E error  12 program aborting due to abend S013
23:00:20 program   EZ390 ENDED   RC=16 SEC= 0 MEM(MB)= 86 IO=107 INS=9
23:00:37 program   MZ390 START USING z390 V1.7.07 ON J2SE 17.0.1 12/01/22
23:00:38 program   MZ390 ENDED   RC= 0 SEC= 0 MEM(MB)= 59 IO=1719
23:00:38 program   LZ390 START USING z390 V1.7.07 ON J2SE 17.0.1 12/01/22
23:00:38 program   LZ390 ENDED   RC= 0 SEC= 0 MEM(MB)= 10 IO=84
23:00:38 program   EZ390 START USING z390 V1.7.07 ON J2SE 17.0.1 12/01/22
23:00:38 program   EZ390 EZ390E error  43 I/O error for DCB=000FFF00 DDNAME=SYSOUT FILE=sysout.txt
23:00:38 program   EZ390 EZ390E error  33 file not open for output
23:00:38 program   EZ390 EZ390E error  11 ABEND PSW=07850600 000FFEE6 0A98         SVC   ABEND S013
23:00:39 program   EZ390 EZ390E error  12 program aborting due to abend S013
23:00:39 program   EZ390 ENDED   RC=16 SEC= 0 MEM(MB)= 88 IO=108 INS=12
23:00:55 program   MZ390 START USING z390 V1.7.07 ON J2SE 17.0.1 12/01/22
23:00:56 program   MZ390 ENDED   RC= 0 SEC= 0 MEM(MB)= 59 IO=1719
23:00:56 program   LZ390 START USING z390 V1.7.07 ON J2SE 17.0.1 12/01/22
23:00:56 program   LZ390 ENDED   RC= 0 SEC= 0 MEM(MB)= 10 IO=84
23:00:56 program   EZ390 START USING z390 V1.7.07 ON J2SE 17.0.1 12/01/22
23:00:56 program   EZ390 ENDED   RC= 0 SEC= 0 MEM(MB)= 15 IO=21 INS=19
23:03:54 program   MZ390 START USING z390 V1.7.07 ON J2SE 17.0.1 12/01/22
23:03:54 program   MZ390 ENDED   RC= 0 SEC= 0 MEM(MB)= 59 IO=1718
23:03:54 program   LZ390 START USING z390 V1.7.07 ON J2SE 17.0.1 12/01/22
23:03:54 program   LZ390 ENDED   RC= 0 SEC= 0 MEM(MB)= 10 IO=84
23:03:55 program   EZ390 START USING z390 V1.7.07 ON J2SE 17.0.1 12/01/22
23:03:55 program   EZ390 ENDED   RC= 0 SEC= 0 MEM(MB)= 15 IO=21 INS=19
23:30:34 program   MZ390 START USING z390 V1.7.07 ON J2SE 17.0.1 12/01/22
23:30:34 program   MZ390 ENDED   RC= 0 SEC= 0 MEM(MB)= 59 IO=1719
23:30:34 program   LZ390 START USING z390 V1.7.07 ON J2SE 17.0.1 12/01/22
23:30:34 program   LZ390 ENDED   RC= 0 SEC= 0 MEM(MB)= 10 IO=84
23:30:35 program   EZ390 START USING z390 V1.7.07 ON J2SE 17.0.1 12/01/22
23:30:35 program   EZ390 ENDED   RC= 0 SEC= 0 MEM(MB)= 15 IO=21 INS=19
23:39:19 program   MZ390 START USING z390 V1.7.07 ON J2SE 17.0.1 12/01/22
23:39:20 program   AZ390 AZ390E error 198      (5/108)37                          LA     1,SYSIN
23:39:20 program   AZ390 AZ390I symbol not defined SYSIN
23:39:20 program   AZ390 AZ390I FID=  5 ERR=   1 X:\Downloads\z390_v1707\z390_v1707\mac\ZOPEN.MAC
23:39:20 program   MZ390 ENDED   RC=12 SEC= 0 MEM(MB)= 59 IO=1734
23:40:32 program   MZ390 START USING z390 V1.7.07 ON J2SE 17.0.1 12/01/22
23:40:33 program   MZ390 ENDED   RC= 0 SEC= 0 MEM(MB)= 59 IO=1787
23:40:33 program   LZ390 START USING z390 V1.7.07 ON J2SE 17.0.1 12/01/22
23:40:33 program   LZ390 ENDED   RC= 0 SEC= 0 MEM(MB)= 10 IO=123
23:40:33 program   EZ390 START USING z390 V1.7.07 ON J2SE 17.0.1 12/01/22
23:40:33 program   EZ390 ENDED   RC= 0 SEC= 0 MEM(MB)= 15 IO=23 INS=26
23:41:36 program   MZ390 START USING z390 V1.7.07 ON J2SE 17.0.1 12/01/22
23:41:37 program   MZ390 ENDED   RC= 0 SEC= 0 MEM(MB)= 59 IO=1793
23:41:37 program   LZ390 START USING z390 V1.7.07 ON J2SE 17.0.1 12/01/22
23:41:37 program   LZ390 ENDED   RC= 0 SEC= 0 MEM(MB)= 10 IO=123
23:41:37 program   EZ390 START USING z390 V1.7.07 ON J2SE 17.0.1 12/01/22
23:41:37 program   EZ390 ENDED   RC= 0 SEC= 0 MEM(MB)= 15 IO=23 INS=30
23:41:43 program   MZ390 START USING z390 V1.7.07 ON J2SE 17.0.1 12/01/22
23:41:43 program   MZ390 MZ390E error 261    (10/104)104 MNOTE/PUNCH text must be in single quotes12,'CLOSE OPTION NOT SUPPORTED - &OPTION          MEXIT
23:41:43 program   AZ390 MNOTE 12,'CLOSE OPTION NOT SUPPORTED - &OPTION          MEXIT see MZ390 error
23:41:43 program   AZ390 MNOTE 12,'CLOSE OPTION NOT SUPPORTED - &OPTION          MEXIT
23:41:44 program   AZ390 AZ390I FID= 10 ERR=   2 X:\Downloads\z390_v1707\z390_v1707\mac\ZCLOSE.MAC
23:41:44 program   MZ390 ENDED   RC=12 SEC= 0 MEM(MB)= 59 IO=1794
23:41:57 program   MZ390 START USING z390 V1.7.07 ON J2SE 17.0.1 12/01/22
23:41:58 program   MZ390 ENDED   RC= 0 SEC= 0 MEM(MB)= 59 IO=1793
23:41:58 program   LZ390 START USING z390 V1.7.07 ON J2SE 17.0.1 12/01/22
23:41:58 program   LZ390 ENDED   RC= 0 SEC= 0 MEM(MB)= 10 IO=123
23:41:59 program   EZ390 START USING z390 V1.7.07 ON J2SE 17.0.1 12/01/22
23:41:59 program   EZ390 ENDED   RC= 0 SEC= 0 MEM(MB)= 15 IO=23 INS=30
23:42:52 program   MZ390 START USING z390 V1.7.07 ON J2SE 17.0.1 12/01/22
23:42:52 program   AZ390 MNOTE 12,'PUT RECORD REG INVALID - R1'
23:42:52 program   AZ390 AZ390I FID=  8 ERR=   1 X:\Downloads\z390_v1707\z390_v1707\mac\PUT.MAC
23:42:52 program   MZ390 ENDED   RC=12 SEC= 0 MEM(MB)= 59 IO=1954
23:43:23 program   MZ390 START USING z390 V1.7.07 ON J2SE 17.0.1 12/01/22
23:43:23 program   MZ390 ENDED   RC= 0 SEC= 0 MEM(MB)= 60 IO=1953
23:43:24 program   LZ390 START USING z390 V1.7.07 ON J2SE 17.0.1 12/01/22
23:43:24 program   LZ390 ENDED   RC= 0 SEC= 0 MEM(MB)= 10 IO=123
23:43:24 program   EZ390 START USING z390 V1.7.07 ON J2SE 17.0.1 12/01/22
23:43:24 program   EZ390 ENDED   RC= 0 SEC= 0 MEM(MB)= 15 IO=24 INS=33
23:45:33 program   MZ390 START USING z390 V1.7.07 ON J2SE 17.0.1 12/01/22
23:45:34 program   MZ390 ENDED   RC= 0 SEC= 0 MEM(MB)= 59 IO=1961
23:45:34 program   LZ390 START USING z390 V1.7.07 ON J2SE 17.0.1 12/01/22
23:45:34 program   LZ390 ENDED   RC= 0 SEC= 0 MEM(MB)= 10 IO=125
23:45:34 program   EZ390 START USING z390 V1.7.07 ON J2SE 17.0.1 12/01/22
23:45:34 program   EZ390 ENDED   RC= 0 SEC= 0 MEM(MB)= 15 IO=24 INS=34
23:46:07 program   MZ390 START USING z390 V1.7.07 ON J2SE 17.0.1 12/01/22
23:46:07 program   MZ390 ENDED   RC= 0 SEC= 0 MEM(MB)= 59 IO=1967
23:46:08 program   LZ390 START USING z390 V1.7.07 ON J2SE 17.0.1 12/01/22
23:46:08 program   LZ390 ENDED   RC= 0 SEC= 0 MEM(MB)= 10 IO=127
23:46:08 program   EZ390 START USING z390 V1.7.07 ON J2SE 17.0.1 12/01/22
23:46:08 program   EZ390 ENDED   RC= 0 SEC= 0 MEM(MB)= 35 IO=4540 INS=18102
23:47:35 program   MZ390 TZ390E abort error 21 - invalid options -  TRACECALL
23:47:36 program   MZ390 ENDED   RC=16 SEC=1669934856 MEM(MB)= 12 IO=2
23:47:41 program   MZ390 START USING z390 V1.7.07 ON J2SE 17.0.1 12/01/22
23:47:41 program   MZ390 PASS 2  TOTAL ERRORS 0
23:47:42 program   MZ390 ENDED   RC= 0 SEC= 0 MEM(MB)= 60 IO=1968
23:47:42 program   LZ390 START USING z390 V1.7.07 ON J2SE 17.0.1 12/01/22
23:47:42 program   LZ390 ENDED   RC= 0 SEC= 0 MEM(MB)= 10 IO=127
23:47:42 program   EZ390 START USING z390 V1.7.07 ON J2SE 17.0.1 12/01/22
23:47:43 program   EZ390 ENDED   RC= 0 SEC= 0 MEM(MB)= 84 IO=4540 INS=18102
23:52:25 program   EZ390 START USING z390 V1.7.07 ON J2SE 17.0.1 12/01/22
23:52:25 program   EZ390 ENDED   RC= 0 SEC= 0 MEM(MB)= 35 IO=4540 INS=18102
23:52:36 program   EZ390 START USING z390 V1.7.07 ON J2SE 17.0.1 12/01/22
23:52:36 program   EZ390 ENDED   RC= 0 SEC= 0 MEM(MB)= 35 IO=4540 INS=18102
23:52:42 program   EZ390 START USING z390 V1.7.07 ON J2SE 17.0.1 12/01/22
23:52:53 program   EZ390 START USING z390 V1.7.07 ON J2SE 17.0.1 12/01/22
00:06:05 program   MZ390 START USING z390 V1.7.07 ON J2SE 17.0.1 12/02/22
00:06:05 program   MZ390 PASS 2  TOTAL ERRORS 2
00:06:05 program   MZ390 PASS 3  TOTAL ERRORS 1
00:06:05 program   AZ390 AZ390E error 198      (8/61)127            LA    1,WTOBLOCK
00:06:05 program   AZ390 AZ390I symbol not defined WTOBLOCK
00:06:05 program   AZ390 AZ390I FID=  8 ERR=   1 X:\Downloads\z390_v1707\z390_v1707\mac\WTO.MAC
00:06:05 program   MZ390 ENDED   RC=12 SEC= 0 MEM(MB)= 61 IO=1992
00:06:16 program   MZ390 START USING z390 V1.7.07 ON J2SE 17.0.1 12/02/22
00:06:16 program   AZ390 AZ390E error 198      (8/61)127            LA    1,WTOBLOCK
00:06:16 program   AZ390 AZ390I symbol not defined WTOBLOCK
00:06:17 program   AZ390 AZ390I FID=  8 ERR=   1 X:\Downloads\z390_v1707\z390_v1707\mac\WTO.MAC
00:06:17 program   MZ390 ENDED   RC=12 SEC= 0 MEM(MB)= 59 IO=1990
00:06:30 program   MZ390 START USING z390 V1.7.07 ON J2SE 17.0.1 12/02/22
00:06:30 program   MZ390 ENDED   RC= 0 SEC= 0 MEM(MB)= 59 IO=1984
00:06:30 program   LZ390 START USING z390 V1.7.07 ON J2SE 17.0.1 12/02/22
00:06:30 program   LZ390 ENDED   RC= 0 SEC= 0 MEM(MB)= 10 IO=127
00:06:31 program   EZ390 START USING z390 V1.7.07 ON J2SE 17.0.1 12/02/22
00:06:31 program   EZ390 ENDED   RC= 0 SEC= 0 MEM(MB)= 19 IO=4540 INS=15843
00:07:36 program   MZ390 START USING z390 V1.7.07 ON J2SE 17.0.1 12/02/22
00:07:37 program   MZ390 ENDED   RC= 0 SEC= 0 MEM(MB)= 60 IO=1994
00:07:37 program   LZ390 START USING z390 V1.7.07 ON J2SE 17.0.1 12/02/22
00:07:37 program   LZ390 ENDED   RC= 0 SEC= 0 MEM(MB)= 10 IO=135
00:07:37 program   EZ390 START USING z390 V1.7.07 ON J2SE 17.0.1 12/02/22
00:07:38 program   EZ390 ENDED   RC= 0 SEC= 0 MEM(MB)= 36 IO=4540 INS=15843
00:10:06 program   MZ390 START USING z390 V1.7.07 ON J2SE 17.0.1 12/02/22
00:10:07 program   MZ390 ENDED   RC= 0 SEC= 0 MEM(MB)= 59 IO=2161
00:10:07 program   LZ390 START USING z390 V1.7.07 ON J2SE 17.0.1 12/02/22
00:10:07 program   LZ390 ENDED   RC= 0 SEC= 0 MEM(MB)= 10 IO=137
00:10:07 program   EZ390 START USING z390 V1.7.07 ON J2SE 17.0.1 12/02/22
00:10:08 program   EZ390 ENDED   RC= 0 SEC= 0 MEM(MB)= 36 IO=6799 INS=31656
00:10:14 program   MZ390 START USING z390 V1.7.07 ON J2SE 17.0.1 12/02/22
00:10:14 program   MZ390 ENDED   RC= 0 SEC= 0 MEM(MB)= 59 IO=2161
00:10:14 program   LZ390 START USING z390 V1.7.07 ON J2SE 17.0.1 12/02/22
00:10:14 program   LZ390 ENDED   RC= 0 SEC= 0 MEM(MB)= 10 IO=137
00:10:15 program   EZ390 START USING z390 V1.7.07 ON J2SE 17.0.1 12/02/22
00:10:15 program   EZ390 ENDED   RC= 0 SEC= 0 MEM(MB)= 36 IO=6799 INS=31656
00:11:25 program   MZ390 START USING z390 V1.7.07 ON J2SE 17.0.1 12/02/22
00:11:25 program   MZ390 ENDED   RC= 0 SEC= 0 MEM(MB)= 60 IO=2173
00:11:26 program   LZ390 START USING z390 V1.7.07 ON J2SE 17.0.1 12/02/22
00:11:26 program   LZ390 ENDED   RC= 0 SEC= 0 MEM(MB)= 10 IO=137
00:11:26 program   EZ390 START USING z390 V1.7.07 ON J2SE 17.0.1 12/02/22
00:11:54 program   MZ390 START USING z390 V1.7.07 ON J2SE 17.0.1 12/02/22
00:11:55 program   MZ390 ENDED   RC= 0 SEC= 0 MEM(MB)= 59 IO=2175
00:11:55 program   LZ390 START USING z390 V1.7.07 ON J2SE 17.0.1 12/02/22
00:11:55 program   LZ390 ENDED   RC= 0 SEC= 0 MEM(MB)= 10 IO=137
00:11:55 program   EZ390 START USING z390 V1.7.07 ON J2SE 17.0.1 12/02/22
00:11:56 program   EZ390 ENDED   RC= 0 SEC= 0 MEM(MB)= 36 IO=6799 INS=31656
00:12:07 program   MZ390 START USING z390 V1.7.07 ON J2SE 17.0.1 12/02/22
00:12:08 program   MZ390 ENDED   RC= 0 SEC= 0 MEM(MB)= 60 IO=2180
00:12:08 program   LZ390 START USING z390 V1.7.07 ON J2SE 17.0.1 12/02/22
00:12:08 program   LZ390 ENDED   RC= 0 SEC= 0 MEM(MB)= 10 IO=137
00:12:09 program   EZ390 START USING z390 V1.7.07 ON J2SE 17.0.1 12/02/22
00:12:09 program   EZ390 ENDED   RC= 0 SEC= 0 MEM(MB)= 37 IO=6799 INS=31656
00:13:59 program   MZ390 START USING z390 V1.7.07 ON J2SE 17.0.1 12/02/22
00:14:00 program   MZ390 ENDED   RC= 0 SEC= 0 MEM(MB)= 59 IO=2201
00:14:00 program   LZ390 START USING z390 V1.7.07 ON J2SE 17.0.1 12/02/22
00:14:00 program   LZ390 ENDED   RC= 0 SEC= 0 MEM(MB)= 10 IO=139
00:14:00 program   EZ390 START USING z390 V1.7.07 ON J2SE 17.0.1 12/02/22
00:14:01 program   EZ390 ENDED   RC= 0 SEC= 0 MEM(MB)= 36 IO=6799 INS=31658
00:14:53 program   MZ390 START USING z390 V1.7.07 ON J2SE 17.0.1 12/02/22
00:14:53 program   MZ390 ENDED   RC= 0 SEC= 0 MEM(MB)= 59 IO=2201
00:14:53 program   LZ390 START USING z390 V1.7.07 ON J2SE 17.0.1 12/02/22
00:14:53 program   LZ390 ENDED   RC= 0 SEC= 0 MEM(MB)= 10 IO=139
00:15:12 program   EZ390 START USING z390 V1.7.07 ON J2SE 17.0.1 12/02/22
00:15:55 program   EZ390 EZ390E error  11 ABEND PSW=07850600 80000000 0000         ????? ABEND S0C1
00:16:28 program   EZ390 EZ390E error  11 ABEND PSW=07850600 80000000 0000         ????? ABEND S0C1
00:16:28 program   EZ390 EZ390E error  12 program aborting due to abend S0C1
00:16:28 program   EZ390 ENDED   RC=16 SEC=76 MEM(MB)= 19 IO=35 INS=2
00:16:34 program   EZ390 START USING z390 V1.7.07 ON J2SE 17.0.1 12/02/22
00:17:04 program   EZ390 ENDED   RC= 0 SEC=29 MEM(MB)= 43 IO=6804 INS=31658
00:17:45 program   EZ390 START USING z390 V1.7.07 ON J2SE 17.0.1 12/02/22
00:19:51 program   EZ390 ENDED   RC= 0 SEC=125 MEM(MB)= 43 IO=6807 INS=31658
00:19:53 program   EZ390 START USING z390 V1.7.07 ON J2SE 17.0.1 12/02/22
00:20:42 program   MZ390 START USING z390 V1.7.07 ON J2SE 17.0.1 12/02/22
00:20:42 program   MZ390 ENDED   RC= 0 SEC= 0 MEM(MB)= 59 IO=2201
00:20:42 program   LZ390 START USING z390 V1.7.07 ON J2SE 17.0.1 12/02/22
00:20:43 program   LZ390 ENDED   RC= 0 SEC= 0 MEM(MB)= 10 IO=139
00:20:47 program   EZ390 START USING z390 V1.7.07 ON J2SE 17.0.1 12/02/22
00:22:12 program   EZ390 START USING z390 V1.7.07 ON J2SE 17.0.1 12/02/22
00:34:11 program   EZ390 EZ390E error 109 quitting test mode
00:34:11 program   EZ390 ENDED   RC=16 SEC=719 MEM(MB)= 21 IO=54 INS=62
22:08:21 program   MZ390 START USING z390 V1.7.07 ON J2SE 17.0.1 12/02/22
22:08:22 program   MZ390 ENDED   RC= 0 SEC= 0 MEM(MB)= 60 IO=2219
22:08:22 program   LZ390 START USING z390 V1.7.07 ON J2SE 17.0.1 12/02/22
22:08:22 program   LZ390 ENDED   RC= 0 SEC= 0 MEM(MB)= 10 IO=133
22:08:24 program   EZ390 START USING z390 V1.7.07 ON J2SE 17.0.1 12/02/22
22:10:06 program   MZ390 START USING z390 V1.7.07 ON J2SE 17.0.1 12/02/22
22:10:06 program   MZ390 ENDED   RC= 0 SEC= 0 MEM(MB)= 60 IO=2219
22:10:07 program   LZ390 START USING z390 V1.7.07 ON J2SE 17.0.1 12/02/22
22:10:07 program   LZ390 ENDED   RC= 0 SEC= 0 MEM(MB)= 10 IO=133
22:10:09 program   EZ390 START USING z390 V1.7.07 ON J2SE 17.0.1 12/02/22
22:29:15 program   EZ390 START USING z390 V1.7.07 ON J2SE 17.0.1 12/02/22
22:29:20 program   MZ390 START USING z390 V1.7.07 ON J2SE 17.0.1 12/02/22
22:29:20 program   MZ390 ENDED   RC= 0 SEC= 0 MEM(MB)= 59 IO=2219
22:29:21 program   LZ390 START USING z390 V1.7.07 ON J2SE 17.0.1 12/02/22
22:29:21 program   LZ390 ENDED   RC= 0 SEC= 0 MEM(MB)= 10 IO=133
22:29:23 program   EZ390 START USING z390 V1.7.07 ON J2SE 17.0.1 12/02/22
22:33:42 program   MZ390 START USING z390 V1.7.07 ON J2SE 17.0.1 12/02/22
22:33:42 program   AZ390 AZ390E error  29      (1/29)153            UNPACK WTOTEXT(15),APL8
22:33:42 program   AZ390 AZ390I ERRSUM missing macro = UNPACK
22:33:42 program   AZ390 AZ390E ERRSUM Critical Error Summary Option
22:33:42 program   AZ390 AZ390E ERRSUM Fix and repeat until all nested errors resolved
22:33:42 program   AZ390 AZ390E ERRSUM missing macro =UNPACK
22:33:42 program   AZ390 AZ390E ERRSUM total missing   copy   files =0
22:33:42 program   AZ390 AZ390E ERRSUM total missing   macro  files =1
22:33:42 program   AZ390 AZ390E ERRSUM total undefined symbols      =0
22:33:42 program   AZ390 AZ390E ERRSUM total mz390 errors    = 0
22:33:42 program   AZ390 AZ390E ERRSUM total az390 errors    = 1
22:33:42 program   AZ390 AZ390I FID=  1 ERR=   1 X:\Documents\projects\ibmasm\20221201\program.asm
22:33:42 program   MZ390 ENDED   RC=12 SEC= 0 MEM(MB)= 60 IO=2245
22:34:00 program   MZ390 START USING z390 V1.7.07 ON J2SE 17.0.1 12/02/22
22:34:00 program   MZ390 ENDED   RC= 0 SEC= 0 MEM(MB)= 59 IO=2225
22:34:00 program   LZ390 START USING z390 V1.7.07 ON J2SE 17.0.1 12/02/22
22:34:01 program   LZ390 ENDED   RC= 0 SEC= 0 MEM(MB)= 10 IO=133
22:34:02 program   EZ390 START USING z390 V1.7.07 ON J2SE 17.0.1 12/02/22
22:34:32 program   EZ390 ENDED   RC= 0 SEC=29 MEM(MB)= 37 IO=6801 INS=42953
22:44:12 program   MZ390 START USING z390 V1.7.07 ON J2SE 17.0.1 12/02/22
22:44:12 program   AZ390 AZ390E error 198      (1/25)145            ZAP   MAXSUM,=P'0'
22:44:13 program   AZ390 AZ390I symbol not defined MAXSUM
22:44:13 program   AZ390 AZ390E error 198      (1/41)162            CP    SUM1,MAXSUM
22:44:13 program   AZ390 AZ390I symbol not defined MAXSUM
22:44:13 program   AZ390 AZ390E error 198      (1/43)164            ZAP   MAXSUM,SUM1
22:44:13 program   AZ390 AZ390I symbol not defined MAXSUM
22:44:13 program   AZ390 AZ390E error 198      (1/48)168            UNPK  WTOTEXT(15),MAXSUM
22:44:13 program   AZ390 AZ390I symbol not defined MAXSUM
22:44:13 program   AZ390 AZ390I FID=  1 ERR=   4 X:\Documents\projects\ibmasm\20221201\program.asm
22:44:13 program   MZ390 ENDED   RC=12 SEC= 0 MEM(MB)= 59 IO=2307
22:44:27 program   MZ390 START USING z390 V1.7.07 ON J2SE 17.0.1 12/02/22
22:44:28 program   MZ390 ENDED   RC= 0 SEC= 0 MEM(MB)= 60 IO=2290
22:44:28 program   LZ390 START USING z390 V1.7.07 ON J2SE 17.0.1 12/02/22
22:44:28 program   LZ390 ENDED   RC= 0 SEC= 0 MEM(MB)= 10 IO=143
22:44:30 program   EZ390 START USING z390 V1.7.07 ON J2SE 17.0.1 12/02/22
22:44:32 program   EZ390 ENDED   RC= 0 SEC= 1 MEM(MB)= 19 IO=2284 INS=27153
22:45:04 program   MZ390 START USING z390 V1.7.07 ON J2SE 17.0.1 12/02/22
22:45:04 program   MZ390 ENDED   RC= 0 SEC= 0 MEM(MB)= 60 IO=2292
22:45:04 program   LZ390 START USING z390 V1.7.07 ON J2SE 17.0.1 12/02/22
22:45:04 program   LZ390 ENDED   RC= 0 SEC= 0 MEM(MB)= 10 IO=141
22:45:06 program   EZ390 START USING z390 V1.7.07 ON J2SE 17.0.1 12/02/22
22:45:07 program   EZ390 ENDED   RC= 0 SEC= 1 MEM(MB)= 19 IO=2284 INS=27160
22:46:58 program   MZ390 START USING z390 V1.7.07 ON J2SE 17.0.1 12/02/22
22:46:58 program   MZ390 ENDED   RC= 0 SEC= 0 MEM(MB)= 60 IO=2297
22:46:59 program   LZ390 START USING z390 V1.7.07 ON J2SE 17.0.1 12/02/22
22:46:59 program   LZ390 ENDED   RC= 0 SEC= 0 MEM(MB)= 10 IO=143
22:47:00 program   EZ390 START USING z390 V1.7.07 ON J2SE 17.0.1 12/02/22
22:47:01 program   EZ390 ENDED   RC= 0 SEC= 1 MEM(MB)= 19 IO=2284 INS=27161
22:47:25 program   MZ390 START USING z390 V1.7.07 ON J2SE 17.0.1 12/02/22
22:47:26 program   MZ390 ENDED   RC= 0 SEC= 0 MEM(MB)= 59 IO=2297
22:47:26 program   LZ390 START USING z390 V1.7.07 ON J2SE 17.0.1 12/02/22
22:47:26 program   LZ390 ENDED   RC= 0 SEC= 0 MEM(MB)= 10 IO=143
22:47:27 program   EZ390 START USING z390 V1.7.07 ON J2SE 17.0.1 12/02/22
22:47:28 program   EZ390 ENDED   RC= 0 SEC= 0 MEM(MB)= 19 IO=2284 INS=27161
23:03:13 program   MZ390 START USING z390 V1.7.07 ON J2SE 17.0.1 12/02/22
23:03:14 program   MZ390 ENDED   RC= 0 SEC= 0 MEM(MB)= 59 IO=2363
23:03:14 program   LZ390 START USING z390 V1.7.07 ON J2SE 17.0.1 12/02/22
23:03:14 program   LZ390 ENDED   RC= 0 SEC= 0 MEM(MB)= 10 IO=155
23:03:16 program   EZ390 START USING z390 V1.7.07 ON J2SE 17.0.1 12/02/22
23:03:17 program   EZ390 EZ390E error  11 ABEND PSW=07852600 800FFDBE F877C2CCC2C4 ZAP   ABEND S0C7
23:06:01 program   MZ390 START USING z390 V1.7.07 ON J2SE 17.0.1 12/02/22
23:06:01 program   AZ390 AZ390E error 198      (1/25)145            ZAP   MAXSUM,=P'0'
23:06:01 program   AZ390 AZ390I symbol not defined MAXSUM
23:06:01 program   AZ390 AZ390I FID=  1 ERR=   1 X:\Documents\projects\ibmasm\20221201\program.asm
23:06:01 program   MZ390 ENDED   RC=12 SEC= 0 MEM(MB)= 60 IO=2377
23:06:44 program   MZ390 START USING z390 V1.7.07 ON J2SE 17.0.1 12/02/22
23:06:45 program   MZ390 ENDED   RC= 0 SEC= 0 MEM(MB)= 60 IO=2381
23:06:45 program   LZ390 START USING z390 V1.7.07 ON J2SE 17.0.1 12/02/22
23:06:45 program   LZ390 ENDED   RC= 0 SEC= 0 MEM(MB)= 10 IO=155
23:06:46 program   EZ390 START USING z390 V1.7.07 ON J2SE 17.0.1 12/02/22
23:06:47 program   EZ390 ENDED   RC= 0 SEC= 0 MEM(MB)= 19 IO=2284 INS=28187
23:08:35 program   MZ390 START USING z390 V1.7.07 ON J2SE 17.0.1 12/02/22
23:08:35 program   MZ390 ENDED   RC= 0 SEC= 0 MEM(MB)= 59 IO=2401
23:08:35 program   LZ390 START USING z390 V1.7.07 ON J2SE 17.0.1 12/02/22
23:08:35 program   LZ390 ENDED   RC= 0 SEC= 0 MEM(MB)= 10 IO=159
23:08:37 program   EZ390 START USING z390 V1.7.07 ON J2SE 17.0.1 12/02/22
23:08:38 program   EZ390 ENDED   RC= 0 SEC= 0 MEM(MB)= 19 IO=2284 INS=28193
23:13:13 program   MZ390 START USING z390 V1.7.07 ON J2SE 17.0.1 12/02/22
23:13:14 program   MZ390 ENDED   RC= 0 SEC= 0 MEM(MB)= 59 IO=2398
23:13:14 program   LZ390 START USING z390 V1.7.07 ON J2SE 17.0.1 12/02/22
23:13:14 program   LZ390 ENDED   RC= 0 SEC= 0 MEM(MB)= 10 IO=159
23:13:14 program   EZ390 START USING z390 V1.7.07 ON J2SE 17.0.1 12/02/22
23:13:14 program   EZ390 ENDED   RC= 0 SEC= 0 MEM(MB)= 18 IO=2283 INS=28192
23:20:58 program   MZ390 START USING z390 V1.7.07 ON J2SE 17.0.1 12/02/22
23:20:58 program   MZ390 ENDED   RC= 0 SEC= 0 MEM(MB)= 60 IO=2395
23:20:59 program   LZ390 START USING z390 V1.7.07 ON J2SE 17.0.1 12/02/22
23:20:59 program   LZ390 ENDED   RC= 0 SEC= 0 MEM(MB)= 10 IO=159
23:20:59 program   EZ390 START USING z390 V1.7.07 ON J2SE 17.0.1 12/02/22
23:21:29 program   MZ390 START USING z390 V1.7.07 ON J2SE 17.0.1 12/02/22
23:21:29 program   MZ390 ENDED   RC= 0 SEC= 0 MEM(MB)= 60 IO=2395
23:21:30 program   LZ390 START USING z390 V1.7.07 ON J2SE 17.0.1 12/02/22
23:21:30 program   LZ390 ENDED   RC= 0 SEC= 0 MEM(MB)= 10 IO=159
23:21:30 program   EZ390 START USING z390 V1.7.07 ON J2SE 17.0.1 12/02/22
23:21:31 program   EZ390 EZ390E error 109 quitting test mode
23:21:31 program   EZ390 ENDED   RC=16 SEC= 1 MEM(MB)= 18 IO=25
23:25:43 program   MZ390 START USING z390 V1.7.07 ON J2SE 17.0.1 12/02/22
23:25:43 program   MZ390 ENDED   RC= 0 SEC= 0 MEM(MB)= 59 IO=2395
23:25:44 program   LZ390 START USING z390 V1.7.07 ON J2SE 17.0.1 12/02/22
23:25:44 program   LZ390 ENDED   RC= 0 SEC= 0 MEM(MB)= 10 IO=159
23:25:44 program   EZ390 START USING z390 V1.7.07 ON J2SE 17.0.1 12/02/22
23:25:48 program   EZ390 EZ390E error 109 quitting test mode
23:25:48 program   EZ390 ENDED   RC=16 SEC= 3 MEM(MB)= 18 IO=25
23:26:59 program   MZ390 START USING z390 V1.7.07 ON J2SE 17.0.1 12/02/22
23:26:59 program   MZ390 ENDED   RC= 0 SEC= 0 MEM(MB)= 59 IO=2395
23:26:59 program   LZ390 START USING z390 V1.7.07 ON J2SE 17.0.1 12/02/22
23:26:59 program   LZ390 ENDED   RC= 0 SEC= 0 MEM(MB)= 10 IO=159
23:27:00 program   EZ390 START USING z390 V1.7.07 ON J2SE 17.0.1 12/02/22
23:27:06 program   EZ390 EZ390E error 109 quitting test mode
23:27:06 program   EZ390 ENDED   RC=16 SEC= 6 MEM(MB)= 18 IO=25
23:27:27 program   MZ390 START USING z390 V1.7.07 ON J2SE 17.0.1 12/02/22
23:27:27 program   MZ390 ENDED   RC= 0 SEC= 0 MEM(MB)= 60 IO=2395
23:27:28 program   LZ390 START USING z390 V1.7.07 ON J2SE 17.0.1 12/02/22
23:27:28 program   LZ390 ENDED   RC= 0 SEC= 0 MEM(MB)= 10 IO=159
23:27:28 program   EZ390 START USING z390 V1.7.07 ON J2SE 17.0.1 12/02/22
23:27:29 program   EZ390 EZ390E error 109 quitting test mode
23:27:29 program   EZ390 ENDED   RC=16 SEC= 0 MEM(MB)= 18 IO=25
23:27:56 program   MZ390 START USING z390 V1.7.07 ON J2SE 17.0.1 12/02/22
23:27:56 program   MZ390 ENDED   RC= 0 SEC= 0 MEM(MB)= 60 IO=2395
23:27:56 program   LZ390 START USING z390 V1.7.07 ON J2SE 17.0.1 12/02/22
23:27:56 program   LZ390 ENDED   RC= 0 SEC= 0 MEM(MB)= 10 IO=159
23:27:57 program   EZ390 START USING z390 V1.7.07 ON J2SE 17.0.1 12/02/22
23:27:58 program   EZ390 EZ390E error 109 quitting test mode
23:27:58 program   EZ390 ENDED   RC=16 SEC= 1 MEM(MB)= 18 IO=25
23:28:19 program   MZ390 START USING z390 V1.7.07 ON J2SE 17.0.1 12/02/22
23:28:20 program   MZ390 ENDED   RC= 0 SEC= 0 MEM(MB)= 60 IO=2395
23:28:20 program   LZ390 START USING z390 V1.7.07 ON J2SE 17.0.1 12/02/22
23:28:20 program   LZ390 ENDED   RC= 0 SEC= 0 MEM(MB)= 10 IO=159
23:28:21 program   EZ390 START USING z390 V1.7.07 ON J2SE 17.0.1 12/02/22
23:28:21 program   EZ390 ENDED   RC= 0 SEC= 0 MEM(MB)= 18 IO=2283 INS=28192
00:18:58 program   MZ390 START USING z390 V1.7.07 ON J2SE 17.0.1 12/03/22
00:18:58 program   AZ390 AZ390E error 198      (1/65)186            CHSI  R2,F'-1'
00:18:58 program   AZ390 AZ390I symbol not defined F
00:18:58 program   AZ390 AZ390E error 198      (1/67)188            CHSI  R2,F'2'
00:18:58 program   AZ390 AZ390I symbol not defined F
00:18:58 program   AZ390 AZ390E error 198      (1/69)190            CHSI  R2,F'0'
00:18:58 program   AZ390 AZ390I symbol not defined F
00:18:58 program   AZ390 AZ390E error 198      (1/73)194            AHI    R5,F'6'
00:18:58 program   AZ390 AZ390I symbol not defined F
00:18:58 program   AZ390 AZ390E error 198      (1/76)197            AHI    R5,F'3'
00:18:58 program   AZ390 AZ390I symbol not defined F
00:18:58 program   AZ390 AZ390E error  29      (1/99)258                  EODAD=EOFSYSIN 
00:18:58 program   AZ390 AZ390I ERRSUM missing macro = EODAD=EOFSYSIN
00:18:58 program   AZ390 AZ390E ERRSUM Critical Error Summary Option
00:18:58 program   AZ390 AZ390E ERRSUM Fix and repeat until all nested errors resolved
00:18:58 program   AZ390 AZ390E ERRSUM missing macro =EODAD=EOFSYSIN
00:18:58 program   AZ390 AZ390E ERRSUM total missing   copy   files =0
00:18:58 program   AZ390 AZ390E ERRSUM total missing   macro  files =1
00:18:58 program   AZ390 AZ390E ERRSUM total undefined symbols      =1
00:18:58 program   AZ390 AZ390E ERRSUM total mz390 errors    = 0
00:18:58 program   AZ390 AZ390E ERRSUM total az390 errors    = 6
00:18:59 program   AZ390 AZ390I FID=  1 ERR=   6 X:\Documents\projects\ibmasm\20221202\program.asm
00:18:59 program   MZ390 ENDED   RC=12 SEC= 0 MEM(MB)= 59 IO=2441
00:19:25 program   MZ390 START USING z390 V1.7.07 ON J2SE 17.0.1 12/03/22
00:19:26 program   AZ390 AZ390E error 198      (1/65)186            CHSI  R2,F'-1'
00:19:26 program   AZ390 AZ390I symbol not defined F
00:19:26 program   AZ390 AZ390E error 198      (1/67)188            CHSI  R2,F'2'
00:19:26 program   AZ390 AZ390I symbol not defined F
00:19:26 program   AZ390 AZ390E error 198      (1/69)190            CHSI  R2,F'0'
00:19:26 program   AZ390 AZ390I symbol not defined F
00:19:26 program   AZ390 AZ390E error 198      (1/73)194            AHI    R5,F'6'
00:19:26 program   AZ390 AZ390I symbol not defined F
00:19:26 program   AZ390 AZ390E error 198      (1/76)197            AHI    R5,F'3'
00:19:26 program   AZ390 AZ390I symbol not defined F
00:19:26 program   AZ390 AZ390I FID=  1 ERR=   5 X:\Documents\projects\ibmasm\20221202\program.asm
00:19:26 program   MZ390 ENDED   RC=12 SEC= 0 MEM(MB)= 59 IO=2423
00:20:09 program   MZ390 START USING z390 V1.7.07 ON J2SE 17.0.1 12/03/22
00:20:09 program   MZ390 ENDED   RC= 0 SEC= 0 MEM(MB)= 60 IO=2400
00:20:10 program   LZ390 START USING z390 V1.7.07 ON J2SE 17.0.1 12/03/22
00:20:10 program   LZ390 ENDED   RC= 0 SEC= 0 MEM(MB)= 10 IO=145
00:20:10 program   EZ390 START USING z390 V1.7.07 ON J2SE 17.0.1 12/03/22
00:20:10 program   EZ390 ENDED   RC= 0 SEC= 0 MEM(MB)= 18 IO=2524 INS=52546
00:21:10 program   MZ390 START USING z390 V1.7.07 ON J2SE 17.0.1 12/03/22
00:21:10 program   MZ390 ENDED   RC= 0 SEC= 0 MEM(MB)= 59 IO=2412
00:21:10 program   LZ390 START USING z390 V1.7.07 ON J2SE 17.0.1 12/03/22
00:21:11 program   LZ390 ENDED   RC= 0 SEC= 0 MEM(MB)= 10 IO=145
00:21:11 program   EZ390 START USING z390 V1.7.07 ON J2SE 17.0.1 12/03/22
00:21:12 program   EZ390 ENDED   RC= 0 SEC= 0 MEM(MB)= 42 IO=7526 INS=80057
00:21:37 program   MZ390 START USING z390 V1.7.07 ON J2SE 17.0.1 12/03/22
00:21:38 program   AZ390 AZ390E error  29      (1/55)175            IO    WTOTEXT+14,X'F0'
00:21:38 program   AZ390 AZ390I ERRSUM missing macro = IO
00:21:38 program   AZ390 AZ390E ERRSUM Critical Error Summary Option
00:21:38 program   AZ390 AZ390E ERRSUM Fix and repeat until all nested errors resolved
00:21:38 program   AZ390 AZ390E ERRSUM missing macro =IO
00:21:38 program   AZ390 AZ390E ERRSUM total missing   copy   files =0
00:21:38 program   AZ390 AZ390E ERRSUM total missing   macro  files =1
00:21:38 program   AZ390 AZ390E ERRSUM total undefined symbols      =0
00:21:38 program   AZ390 AZ390E ERRSUM total mz390 errors    = 0
00:21:38 program   AZ390 AZ390E ERRSUM total az390 errors    = 1
00:21:38 program   AZ390 AZ390I FID=  1 ERR=   1 X:\Documents\projects\ibmasm\20221202\program.asm
00:21:38 program   MZ390 ENDED   RC=12 SEC= 0 MEM(MB)= 59 IO=2435
00:21:45 program   MZ390 START USING z390 V1.7.07 ON J2SE 17.0.1 12/03/22
00:21:46 program   MZ390 ENDED   RC= 0 SEC= 0 MEM(MB)= 59 IO=2416
00:21:46 program   LZ390 START USING z390 V1.7.07 ON J2SE 17.0.1 12/03/22
00:21:46 program   LZ390 ENDED   RC= 0 SEC= 0 MEM(MB)= 10 IO=147
00:21:47 program   EZ390 START USING z390 V1.7.07 ON J2SE 17.0.1 12/03/22
00:21:47 program   EZ390 ENDED   RC= 0 SEC= 0 MEM(MB)= 42 IO=7526 INS=82558
00:22:19 program   MZ390 START USING z390 V1.7.07 ON J2SE 17.0.1 12/03/22
00:22:19 program   MZ390 ENDED   RC= 0 SEC= 0 MEM(MB)= 61 IO=2423
00:22:20 program   LZ390 START USING z390 V1.7.07 ON J2SE 17.0.1 12/03/22
00:22:20 program   LZ390 ENDED   RC= 0 SEC= 0 MEM(MB)= 10 IO=149
00:22:20 program   EZ390 START USING z390 V1.7.07 ON J2SE 17.0.1 12/03/22
00:22:21 program   EZ390 ENDED   RC= 0 SEC= 0 MEM(MB)= 43 IO=7526 INS=82559
00:23:37 program   MZ390 START USING z390 V1.7.07 ON J2SE 17.0.1 12/03/22
00:23:37 program   MZ390 ENDED   RC= 0 SEC= 0 MEM(MB)= 60 IO=2449
00:23:37 program   LZ390 START USING z390 V1.7.07 ON J2SE 17.0.1 12/03/22
00:23:37 program   LZ390 ENDED   RC= 0 SEC= 0 MEM(MB)= 10 IO=151
00:23:38 program   EZ390 START USING z390 V1.7.07 ON J2SE 17.0.1 12/03/22
00:23:39 program   EZ390 ENDED   RC= 0 SEC= 1 MEM(MB)= 59 IO=12526 INS=107559
00:24:28 program   MZ390 START USING z390 V1.7.07 ON J2SE 17.0.1 12/03/22
00:24:28 program   MZ390 ENDED   RC= 0 SEC= 0 MEM(MB)= 59 IO=2449
00:24:28 program   LZ390 START USING z390 V1.7.07 ON J2SE 17.0.1 12/03/22
00:24:28 program   LZ390 ENDED   RC= 0 SEC= 0 MEM(MB)= 10 IO=151
00:24:29 program   EZ390 START USING z390 V1.7.07 ON J2SE 17.0.1 12/03/22
00:28:49 program   MZ390 START USING z390 V1.7.07 ON J2SE 17.0.1 12/03/22
00:28:49 program   AZ390 AZ390E error 161      (1/62)184            S     R2,=F'000000C0'
00:28:49 program   AZ390 AZ390I invalid decimal constant - 000000C0
00:28:50 program   AZ390 AZ390I FID=  1 ERR=   1 X:\Documents\projects\ibmasm\20221202\program.asm
00:28:50 program   MZ390 ENDED   RC=12 SEC= 0 MEM(MB)= 60 IO=2449
00:28:57 program   MZ390 START USING z390 V1.7.07 ON J2SE 17.0.1 12/03/22
00:28:58 program   MZ390 ENDED   RC= 0 SEC= 0 MEM(MB)= 59 IO=2447
00:28:58 program   LZ390 START USING z390 V1.7.07 ON J2SE 17.0.1 12/03/22
00:28:58 program   LZ390 ENDED   RC= 0 SEC= 0 MEM(MB)= 10 IO=153
00:28:58 program   EZ390 START USING z390 V1.7.07 ON J2SE 17.0.1 12/03/22
00:28:59 program   EZ390 ENDED   RC= 0 SEC= 1 MEM(MB)= 56 IO=12526 INS=105059
00:30:11 program   MZ390 START USING z390 V1.7.07 ON J2SE 17.0.1 12/03/22
00:30:12 program   MZ390 ENDED   RC= 0 SEC= 0 MEM(MB)= 60 IO=2454
00:30:12 program   LZ390 START USING z390 V1.7.07 ON J2SE 17.0.1 12/03/22
00:30:12 program   LZ390 ENDED   RC= 0 SEC= 0 MEM(MB)= 10 IO=155
00:30:12 program   EZ390 START USING z390 V1.7.07 ON J2SE 17.0.1 12/03/22
00:30:14 program   EZ390 ENDED   RC= 0 SEC= 1 MEM(MB)= 56 IO=12526 INS=99613
00:30:25 program   MZ390 START USING z390 V1.7.07 ON J2SE 17.0.1 12/03/22
00:30:25 program   MZ390 ENDED   RC= 0 SEC= 0 MEM(MB)= 59 IO=2457
00:30:26 program   LZ390 START USING z390 V1.7.07 ON J2SE 17.0.1 12/03/22
00:30:26 program   LZ390 ENDED   RC= 0 SEC= 0 MEM(MB)= 10 IO=155
00:30:26 program   EZ390 START USING z390 V1.7.07 ON J2SE 17.0.1 12/03/22
00:30:27 program   EZ390 ENDED   RC= 0 SEC= 1 MEM(MB)= 56 IO=12526 INS=99614
00:31:52 program   MZ390 START USING z390 V1.7.07 ON J2SE 17.0.1 12/03/22
00:31:52 program   MZ390 ENDED   RC= 0 SEC= 0 MEM(MB)= 59 IO=2454
00:31:52 program   LZ390 START USING z390 V1.7.07 ON J2SE 17.0.1 12/03/22
00:31:53 program   LZ390 ENDED   RC= 0 SEC= 0 MEM(MB)= 10 IO=155
00:31:53 program   EZ390 START USING z390 V1.7.07 ON J2SE 17.0.1 12/03/22
00:31:54 program   EZ390 ENDED   RC= 0 SEC= 1 MEM(MB)= 57 IO=12526 INS=99652
00:49:12 program   MZ390 START USING z390 V1.7.07 ON J2SE 17.0.1 12/03/22
00:49:12 program   MZ390 ENDED   RC= 0 SEC= 0 MEM(MB)= 59 IO=2537
00:49:12 program   LZ390 START USING z390 V1.7.07 ON J2SE 17.0.1 12/03/22
00:49:12 program   LZ390 ENDED   RC= 0 SEC= 0 MEM(MB)= 10 IO=161
00:49:13 program   EZ390 START USING z390 V1.7.07 ON J2SE 17.0.1 12/03/22
00:49:14 program   EZ390 ENDED   RC= 0 SEC= 1 MEM(MB)= 56 IO=12526 INS=117451
23:45:07 program   MZ390 START USING z390 V1.7.07 ON J2SE 17.0.1 12/04/22
23:45:07 program   AZ390 AZ390E error 198      (1/37)160            LA    R3,ITEAMAREA
23:45:07 program   AZ390 AZ390I symbol not defined ITEAMAREA
23:45:07 program   AZ390 AZ390E error  32      (1/53)175            BAL   PRINT
23:45:07 program   AZ390 AZ390I invalid absolute value
23:45:07 program   AZ390 AZ390E error  29      (1/77)240                  EODAD=EOFSYSIN 
23:45:07 program   AZ390 AZ390I ERRSUM missing macro = EODAD=EOFSYSIN
23:45:07 program   AZ390 AZ390E ERRSUM Critical Error Summary Option
23:45:07 program   AZ390 AZ390E ERRSUM Fix and repeat until all nested errors resolved
23:45:07 program   AZ390 AZ390E ERRSUM missing macro =EODAD=EOFSYSIN
23:45:07 program   AZ390 AZ390E ERRSUM total missing   copy   files =0
23:45:07 program   AZ390 AZ390E ERRSUM total missing   macro  files =1
23:45:07 program   AZ390 AZ390E ERRSUM total undefined symbols      =1
23:45:07 program   AZ390 AZ390E ERRSUM total mz390 errors    = 0
23:45:07 program   AZ390 AZ390E ERRSUM total az390 errors    = 3
23:45:07 program   AZ390 AZ390I FID=  1 ERR=   3 X:\Documents\projects\ibmasm-adventofcode\20221203\program.asm
23:45:07 program   MZ390 ENDED   RC=12 SEC= 0 MEM(MB)= 59 IO=2450
23:45:38 program   MZ390 START USING z390 V1.7.07 ON J2SE 17.0.1 12/04/22
23:45:38 program   MZ390 ENDED   RC= 0 SEC= 0 MEM(MB)= 59 IO=2423
23:45:39 program   LZ390 START USING z390 V1.7.07 ON J2SE 17.0.1 12/04/22
23:45:39 program   LZ390 ENDED   RC= 0 SEC= 0 MEM(MB)= 10 IO=145
23:45:39 program   EZ390 START USING z390 V1.7.07 ON J2SE 17.0.1 12/04/22
23:45:39 program   EZ390 ENDED   RC= 0 SEC= 0 MEM(MB)= 16 IO=324 INS=5907
23:45:59 program   MZ390 START USING z390 V1.7.07 ON J2SE 17.0.1 12/04/22
23:45:59 program   MZ390 ENDED   RC= 0 SEC= 0 MEM(MB)= 59 IO=2436
23:46:00 program   LZ390 START USING z390 V1.7.07 ON J2SE 17.0.1 12/04/22
23:46:00 program   LZ390 ENDED   RC= 0 SEC= 0 MEM(MB)= 10 IO=147
23:46:00 program   EZ390 START USING z390 V1.7.07 ON J2SE 17.0.1 12/04/22
23:46:00 program   EZ390 ENDED   RC= 0 SEC= 0 MEM(MB)= 20 IO=924 INS=9507
23:52:44 program   MZ390 START USING z390 V1.7.07 ON J2SE 17.0.1 12/04/22
23:52:45 program   AZ390 AZ390E error 189      (1/95)292   CONVERT  DC    XL256
23:52:45 program   AZ390 AZ390I DC field with no data
23:52:45 program   AZ390 AZ390I FID=  1 ERR=   1 X:\Documents\projects\ibmasm-adventofcode\20221203\program.asm
23:52:45 program   MZ390 ENDED   RC=12 SEC= 0 MEM(MB)= 59 IO=2484
23:52:55 program   MZ390 START USING z390 V1.7.07 ON J2SE 17.0.1 12/04/22
23:52:56 program   AZ390 AZ390E error 208      (1/95)292   CONVERT  DC    256XL
23:52:56 program   AZ390 AZ390I DS/DC missing modifier - 256XL
23:52:56 program   AZ390 AZ390I FID=  1 ERR=   1 X:\Documents\projects\ibmasm-adventofcode\20221203\program.asm
23:52:56 program   MZ390 ENDED   RC=12 SEC= 0 MEM(MB)= 59 IO=2484
23:53:06 program   MZ390 START USING z390 V1.7.07 ON J2SE 17.0.1 12/04/22
23:53:06 program   MZ390 ENDED   RC= 0 SEC= 0 MEM(MB)= 60 IO=2496
23:53:06 program   LZ390 START USING z390 V1.7.07 ON J2SE 17.0.1 12/04/22
23:53:07 program   LZ390 ENDED   RC= 0 SEC= 0 MEM(MB)= 10 IO=179
23:53:07 program   EZ390 START USING z390 V1.7.07 ON J2SE 17.0.1 12/04/22
23:53:07 program   EZ390 ENDED   RC= 0 SEC= 0 MEM(MB)= 20 IO=924 INS=10567
23:54:28 program   MZ390 START USING z390 V1.7.07 ON J2SE 17.0.1 12/04/22
23:54:29 program   MZ390 ENDED   RC= 0 SEC= 0 MEM(MB)= 59 IO=2496
23:54:29 program   LZ390 START USING z390 V1.7.07 ON J2SE 17.0.1 12/04/22
23:54:29 program   LZ390 ENDED   RC= 0 SEC= 0 MEM(MB)= 10 IO=179
23:54:29 program   EZ390 START USING z390 V1.7.07 ON J2SE 17.0.1 12/04/22
00:01:48 program   MZ390 START USING z390 V1.7.07 ON J2SE 17.0.1 12/05/22
00:01:48 program   MZ390 ENDED   RC= 0 SEC= 0 MEM(MB)= 60 IO=2499
00:01:49 program   LZ390 START USING z390 V1.7.07 ON J2SE 17.0.1 12/05/22
00:01:49 program   LZ390 ENDED   RC= 0 SEC= 0 MEM(MB)= 10 IO=179
00:01:49 program   EZ390 START USING z390 V1.7.07 ON J2SE 17.0.1 12/05/22
00:01:50 program   EZ390 ENDED   RC= 0 SEC= 1 MEM(MB)= 23 IO=925 INS=24203
00:01:58 program   MZ390 START USING z390 V1.7.07 ON J2SE 17.0.1 12/05/22
00:01:58 program   MZ390 ENDED   RC= 0 SEC= 0 MEM(MB)= 59 IO=2499
00:01:59 program   LZ390 START USING z390 V1.7.07 ON J2SE 17.0.1 12/05/22
00:01:59 program   LZ390 ENDED   RC= 0 SEC= 0 MEM(MB)= 10 IO=179
00:01:59 program   EZ390 START USING z390 V1.7.07 ON J2SE 17.0.1 12/05/22
00:11:33 program   MZ390 START USING z390 V1.7.07 ON J2SE 17.0.1 12/05/22
00:11:34 program   MZ390 ENDED   RC= 0 SEC= 0 MEM(MB)= 60 IO=2505
00:11:34 program   LZ390 START USING z390 V1.7.07 ON J2SE 17.0.1 12/05/22
00:11:34 program   LZ390 ENDED   RC= 0 SEC= 0 MEM(MB)= 10 IO=191
00:11:34 program   EZ390 START USING z390 V1.7.07 ON J2SE 17.0.1 12/05/22
00:11:35 program   EZ390 ENDED   RC= 0 SEC= 0 MEM(MB)= 20 IO=924 INS=24203
